{
  "C:\\Project\\WebProject\\xivplan\\backend\\business\\models\\communityRepository.js": {
    "path": "C:\\Project\\WebProject\\xivplan\\backend\\business\\models\\communityRepository.js",
    "statementMap": {
      "0": { "start": { "line": 1, "column": 0 }, "end": { "line": 256, "column": 2 } },
      "1": { "start": { "line": 2, "column": 4 }, "end": { "line": 255, "column": 6 } },
      "2": { "start": { "line": 16, "column": 12 }, "end": { "line": 33, "column": 14 } },
      "3": { "start": { "line": 37, "column": 27 }, "end": { "line": 37, "column": 113 } },
      "4": { "start": { "line": 38, "column": 12 }, "end": { "line": 38, "column": 39 } },
      "5": { "start": { "line": 42, "column": 27 }, "end": { "line": 53, "column": 13 } },
      "6": { "start": { "line": 54, "column": 12 }, "end": { "line": 54, "column": 24 } },
      "7": { "start": { "line": 58, "column": 27 }, "end": { "line": 67, "column": 13 } },
      "8": { "start": { "line": 68, "column": 12 }, "end": { "line": 68, "column": 35 } },
      "9": { "start": { "line": 72, "column": 27 }, "end": { "line": 74, "column": 14 } },
      "10": { "start": { "line": 75, "column": 12 }, "end": { "line": 75, "column": 39 } },
      "11": { "start": { "line": 79, "column": 12 }, "end": { "line": 79, "column": 115 } },
      "12": { "start": { "line": 83, "column": 12 }, "end": { "line": 83, "column": 123 } },
      "13": { "start": { "line": 87, "column": 27 }, "end": { "line": 90, "column": 14 } },
      "14": { "start": { "line": 91, "column": 12 }, "end": { "line": 91, "column": 35 } },
      "15": { "start": { "line": 95, "column": 12 }, "end": { "line": 95, "column": 110 } },
      "16": { "start": { "line": 96, "column": 12 }, "end": { "line": 96, "column": 115 } },
      "17": { "start": { "line": 100, "column": 12 }, "end": { "line": 100, "column": 111 } },
      "18": { "start": { "line": 101, "column": 12 }, "end": { "line": 101, "column": 115 } },
      "19": { "start": { "line": 105, "column": 27 }, "end": { "line": 105, "column": 135 } },
      "20": { "start": { "line": 106, "column": 12 }, "end": { "line": 106, "column": 24 } },
      "21": { "start": { "line": 110, "column": 12 }, "end": { "line": 114, "column": 15 } },
      "22": { "start": { "line": 118, "column": 27 }, "end": { "line": 121, "column": 13 } },
      "23": { "start": { "line": 122, "column": 12 }, "end": { "line": 122, "column": 39 } },
      "24": { "start": { "line": 126, "column": 27 }, "end": { "line": 135, "column": 13 } },
      "25": { "start": { "line": 136, "column": 12 }, "end": { "line": 136, "column": 24 } },
      "26": { "start": { "line": 140, "column": 27 }, "end": { "line": 150, "column": 13 } },
      "27": { "start": { "line": 151, "column": 12 }, "end": { "line": 151, "column": 24 } },
      "28": { "start": { "line": 155, "column": 27 }, "end": { "line": 157, "column": 14 } },
      "29": { "start": { "line": 158, "column": 12 }, "end": { "line": 158, "column": 39 } },
      "30": { "start": { "line": 162, "column": 27 }, "end": { "line": 172, "column": 13 } },
      "31": { "start": { "line": 173, "column": 12 }, "end": { "line": 173, "column": 24 } },
      "32": { "start": { "line": 177, "column": 27 }, "end": { "line": 177, "column": 120 } },
      "33": { "start": { "line": 178, "column": 12 }, "end": { "line": 178, "column": 35 } },
      "34": { "start": { "line": 182, "column": 27 }, "end": { "line": 182, "column": 120 } },
      "35": { "start": { "line": 183, "column": 12 }, "end": { "line": 183, "column": 35 } },
      "36": { "start": { "line": 187, "column": 27 }, "end": { "line": 190, "column": 13 } },
      "37": { "start": { "line": 191, "column": 12 }, "end": { "line": 191, "column": 35 } },
      "38": { "start": { "line": 204, "column": 29 }, "end": { "line": 218, "column": 13 } },
      "39": { "start": { "line": 219, "column": 12 }, "end": { "line": 219, "column": 43 } },
      "40": { "start": { "line": 223, "column": 12 }, "end": { "line": 223, "column": 121 } },
      "41": { "start": { "line": 227, "column": 27 }, "end": { "line": 234, "column": 13 } },
      "42": { "start": { "line": 235, "column": 12 }, "end": { "line": 235, "column": 35 } },
      "43": { "start": { "line": 239, "column": 27 }, "end": { "line": 242, "column": 13 } },
      "44": { "start": { "line": 243, "column": 12 }, "end": { "line": 243, "column": 35 } },
      "45": { "start": { "line": 247, "column": 12 }, "end": { "line": 247, "column": 96 } },
      "46": { "start": { "line": 251, "column": 12 }, "end": { "line": 253, "column": 15 } }
    },
    "fnMap": {
      "0": {
        "name": "createCommunityRepository",
        "decl": { "start": { "line": 1, "column": 26 }, "end": { "line": 1, "column": 51 } },
        "loc": { "start": { "line": 1, "column": 58 }, "end": { "line": 256, "column": 1 } },
        "line": 1
      },
      "1": {
        "name": "(anonymous_1)",
        "decl": { "start": { "line": 3, "column": 8 }, "end": { "line": 3, "column": 9 } },
        "loc": { "start": { "line": 15, "column": 11 }, "end": { "line": 34, "column": 9 } },
        "line": 15
      },
      "2": {
        "name": "(anonymous_2)",
        "decl": { "start": { "line": 36, "column": 8 }, "end": { "line": 36, "column": 9 } },
        "loc": { "start": { "line": 36, "column": 51 }, "end": { "line": 39, "column": 9 } },
        "line": 36
      },
      "3": {
        "name": "(anonymous_3)",
        "decl": { "start": { "line": 41, "column": 8 }, "end": { "line": 41, "column": 9 } },
        "loc": { "start": { "line": 41, "column": 87 }, "end": { "line": 55, "column": 9 } },
        "line": 41
      },
      "4": {
        "name": "(anonymous_4)",
        "decl": { "start": { "line": 57, "column": 8 }, "end": { "line": 57, "column": 9 } },
        "loc": { "start": { "line": 57, "column": 36 }, "end": { "line": 69, "column": 9 } },
        "line": 57
      },
      "5": {
        "name": "(anonymous_5)",
        "decl": { "start": { "line": 71, "column": 8 }, "end": { "line": 71, "column": 9 } },
        "loc": { "start": { "line": 71, "column": 46 }, "end": { "line": 76, "column": 9 } },
        "line": 71
      },
      "6": {
        "name": "(anonymous_6)",
        "decl": { "start": { "line": 78, "column": 8 }, "end": { "line": 78, "column": 9 } },
        "loc": { "start": { "line": 78, "column": 37 }, "end": { "line": 80, "column": 9 } },
        "line": 78
      },
      "7": {
        "name": "(anonymous_7)",
        "decl": { "start": { "line": 82, "column": 8 }, "end": { "line": 82, "column": 9 } },
        "loc": { "start": { "line": 82, "column": 41 }, "end": { "line": 84, "column": 9 } },
        "line": 82
      },
      "8": {
        "name": "(anonymous_8)",
        "decl": { "start": { "line": 86, "column": 8 }, "end": { "line": 86, "column": 9 } },
        "loc": { "start": { "line": 86, "column": 40 }, "end": { "line": 92, "column": 9 } },
        "line": 86
      },
      "9": {
        "name": "(anonymous_9)",
        "decl": { "start": { "line": 94, "column": 8 }, "end": { "line": 94, "column": 9 } },
        "loc": { "start": { "line": 94, "column": 39 }, "end": { "line": 97, "column": 9 } },
        "line": 94
      },
      "10": {
        "name": "(anonymous_10)",
        "decl": { "start": { "line": 99, "column": 8 }, "end": { "line": 99, "column": 9 } },
        "loc": { "start": { "line": 99, "column": 42 }, "end": { "line": 102, "column": 9 } },
        "line": 99
      },
      "11": {
        "name": "(anonymous_11)",
        "decl": { "start": { "line": 104, "column": 8 }, "end": { "line": 104, "column": 9 } },
        "loc": { "start": { "line": 104, "column": 33 }, "end": { "line": 107, "column": 9 } },
        "line": 104
      },
      "12": {
        "name": "(anonymous_12)",
        "decl": { "start": { "line": 109, "column": 8 }, "end": { "line": 109, "column": 9 } },
        "loc": { "start": { "line": 109, "column": 49 }, "end": { "line": 115, "column": 9 } },
        "line": 109
      },
      "13": {
        "name": "(anonymous_13)",
        "decl": { "start": { "line": 117, "column": 8 }, "end": { "line": 117, "column": 9 } },
        "loc": { "start": { "line": 117, "column": 43 }, "end": { "line": 123, "column": 9 } },
        "line": 117
      },
      "14": {
        "name": "(anonymous_14)",
        "decl": { "start": { "line": 125, "column": 8 }, "end": { "line": 125, "column": 9 } },
        "loc": { "start": { "line": 125, "column": 72 }, "end": { "line": 137, "column": 9 } },
        "line": 125
      },
      "15": {
        "name": "(anonymous_15)",
        "decl": { "start": { "line": 139, "column": 8 }, "end": { "line": 139, "column": 9 } },
        "loc": { "start": { "line": 139, "column": 40 }, "end": { "line": 152, "column": 9 } },
        "line": 139
      },
      "16": {
        "name": "(anonymous_16)",
        "decl": { "start": { "line": 154, "column": 8 }, "end": { "line": 154, "column": 9 } },
        "loc": { "start": { "line": 154, "column": 37 }, "end": { "line": 159, "column": 9 } },
        "line": 154
      },
      "17": {
        "name": "(anonymous_17)",
        "decl": { "start": { "line": 161, "column": 8 }, "end": { "line": 161, "column": 9 } },
        "loc": { "start": { "line": 161, "column": 55 }, "end": { "line": 174, "column": 9 } },
        "line": 161
      },
      "18": {
        "name": "(anonymous_18)",
        "decl": { "start": { "line": 176, "column": 8 }, "end": { "line": 176, "column": 9 } },
        "loc": { "start": { "line": 176, "column": 35 }, "end": { "line": 179, "column": 9 } },
        "line": 176
      },
      "19": {
        "name": "(anonymous_19)",
        "decl": { "start": { "line": 181, "column": 8 }, "end": { "line": 181, "column": 9 } },
        "loc": { "start": { "line": 181, "column": 35 }, "end": { "line": 184, "column": 9 } },
        "line": 181
      },
      "20": {
        "name": "(anonymous_20)",
        "decl": { "start": { "line": 186, "column": 8 }, "end": { "line": 186, "column": 9 } },
        "loc": { "start": { "line": 186, "column": 53 }, "end": { "line": 192, "column": 9 } },
        "line": 186
      },
      "21": {
        "name": "(anonymous_21)",
        "decl": { "start": { "line": 194, "column": 8 }, "end": { "line": 194, "column": 9 } },
        "loc": { "start": { "line": 203, "column": 11 }, "end": { "line": 220, "column": 9 } },
        "line": 203
      },
      "22": {
        "name": "(anonymous_22)",
        "decl": { "start": { "line": 222, "column": 8 }, "end": { "line": 222, "column": 9 } },
        "loc": { "start": { "line": 222, "column": 45 }, "end": { "line": 224, "column": 9 } },
        "line": 222
      },
      "23": {
        "name": "(anonymous_23)",
        "decl": { "start": { "line": 226, "column": 8 }, "end": { "line": 226, "column": 9 } },
        "loc": { "start": { "line": 226, "column": 40 }, "end": { "line": 236, "column": 9 } },
        "line": 226
      },
      "24": {
        "name": "(anonymous_24)",
        "decl": { "start": { "line": 238, "column": 8 }, "end": { "line": 238, "column": 9 } },
        "loc": { "start": { "line": 238, "column": 60 }, "end": { "line": 244, "column": 9 } },
        "line": 238
      },
      "25": {
        "name": "(anonymous_25)",
        "decl": { "start": { "line": 246, "column": 8 }, "end": { "line": 246, "column": 9 } },
        "loc": { "start": { "line": 246, "column": 43 }, "end": { "line": 248, "column": 9 } },
        "line": 246
      },
      "26": {
        "name": "(anonymous_26)",
        "decl": { "start": { "line": 250, "column": 8 }, "end": { "line": 250, "column": 9 } },
        "loc": { "start": { "line": 250, "column": 45 }, "end": { "line": 254, "column": 9 } },
        "line": 250
      }
    },
    "branchMap": {
      "0": {
        "loc": { "start": { "line": 23, "column": 20 }, "end": { "line": 23, "column": 37 } },
        "type": "binary-expr",
        "locations": [
          { "start": { "line": 23, "column": 20 }, "end": { "line": 23, "column": 31 } },
          { "start": { "line": 23, "column": 35 }, "end": { "line": 23, "column": 37 } }
        ],
        "line": 23
      },
      "1": {
        "loc": { "start": { "line": 27, "column": 20 }, "end": { "line": 27, "column": 37 } },
        "type": "binary-expr",
        "locations": [
          { "start": { "line": 27, "column": 20 }, "end": { "line": 27, "column": 29 } },
          { "start": { "line": 27, "column": 33 }, "end": { "line": 27, "column": 37 } }
        ],
        "line": 27
      },
      "2": {
        "loc": { "start": { "line": 30, "column": 20 }, "end": { "line": 30, "column": 39 } },
        "type": "binary-expr",
        "locations": [
          { "start": { "line": 30, "column": 20 }, "end": { "line": 30, "column": 31 } },
          { "start": { "line": 30, "column": 35 }, "end": { "line": 30, "column": 39 } }
        ],
        "line": 30
      },
      "3": {
        "loc": { "start": { "line": 38, "column": 19 }, "end": { "line": 38, "column": 38 } },
        "type": "binary-expr",
        "locations": [
          { "start": { "line": 38, "column": 19 }, "end": { "line": 38, "column": 33 } },
          { "start": { "line": 38, "column": 37 }, "end": { "line": 38, "column": 38 } }
        ],
        "line": 38
      },
      "4": {
        "loc": { "start": { "line": 68, "column": 19 }, "end": { "line": 68, "column": 34 } },
        "type": "binary-expr",
        "locations": [
          { "start": { "line": 68, "column": 19 }, "end": { "line": 68, "column": 26 } },
          { "start": { "line": 68, "column": 30 }, "end": { "line": 68, "column": 34 } }
        ],
        "line": 68
      },
      "5": {
        "loc": { "start": { "line": 75, "column": 19 }, "end": { "line": 75, "column": 38 } },
        "type": "binary-expr",
        "locations": [
          { "start": { "line": 75, "column": 19 }, "end": { "line": 75, "column": 33 } },
          { "start": { "line": 75, "column": 37 }, "end": { "line": 75, "column": 38 } }
        ],
        "line": 75
      },
      "6": {
        "loc": { "start": { "line": 91, "column": 19 }, "end": { "line": 91, "column": 34 } },
        "type": "binary-expr",
        "locations": [
          { "start": { "line": 91, "column": 19 }, "end": { "line": 91, "column": 26 } },
          { "start": { "line": 91, "column": 30 }, "end": { "line": 91, "column": 34 } }
        ],
        "line": 91
      },
      "7": {
        "loc": { "start": { "line": 122, "column": 19 }, "end": { "line": 122, "column": 38 } },
        "type": "binary-expr",
        "locations": [
          { "start": { "line": 122, "column": 19 }, "end": { "line": 122, "column": 33 } },
          { "start": { "line": 122, "column": 37 }, "end": { "line": 122, "column": 38 } }
        ],
        "line": 122
      },
      "8": {
        "loc": { "start": { "line": 158, "column": 19 }, "end": { "line": 158, "column": 38 } },
        "type": "binary-expr",
        "locations": [
          { "start": { "line": 158, "column": 19 }, "end": { "line": 158, "column": 33 } },
          { "start": { "line": 158, "column": 37 }, "end": { "line": 158, "column": 38 } }
        ],
        "line": 158
      },
      "9": {
        "loc": { "start": { "line": 178, "column": 19 }, "end": { "line": 178, "column": 34 } },
        "type": "binary-expr",
        "locations": [
          { "start": { "line": 178, "column": 19 }, "end": { "line": 178, "column": 26 } },
          { "start": { "line": 178, "column": 30 }, "end": { "line": 178, "column": 34 } }
        ],
        "line": 178
      },
      "10": {
        "loc": { "start": { "line": 212, "column": 20 }, "end": { "line": 212, "column": 38 } },
        "type": "binary-expr",
        "locations": [
          { "start": { "line": 212, "column": 20 }, "end": { "line": 212, "column": 30 } },
          { "start": { "line": 212, "column": 34 }, "end": { "line": 212, "column": 38 } }
        ],
        "line": 212
      },
      "11": {
        "loc": { "start": { "line": 214, "column": 20 }, "end": { "line": 214, "column": 36 } },
        "type": "binary-expr",
        "locations": [
          { "start": { "line": 214, "column": 20 }, "end": { "line": 214, "column": 28 } },
          { "start": { "line": 214, "column": 32 }, "end": { "line": 214, "column": 36 } }
        ],
        "line": 214
      },
      "12": {
        "loc": { "start": { "line": 215, "column": 20 }, "end": { "line": 215, "column": 41 } },
        "type": "binary-expr",
        "locations": [
          { "start": { "line": 215, "column": 20 }, "end": { "line": 215, "column": 33 } },
          { "start": { "line": 215, "column": 37 }, "end": { "line": 215, "column": 41 } }
        ],
        "line": 215
      },
      "13": {
        "loc": { "start": { "line": 216, "column": 20 }, "end": { "line": 216, "column": 43 } },
        "type": "binary-expr",
        "locations": [
          { "start": { "line": 216, "column": 20 }, "end": { "line": 216, "column": 35 } },
          { "start": { "line": 216, "column": 39 }, "end": { "line": 216, "column": 43 } }
        ],
        "line": 216
      },
      "14": {
        "loc": { "start": { "line": 235, "column": 19 }, "end": { "line": 235, "column": 34 } },
        "type": "binary-expr",
        "locations": [
          { "start": { "line": 235, "column": 19 }, "end": { "line": 235, "column": 26 } },
          { "start": { "line": 235, "column": 30 }, "end": { "line": 235, "column": 34 } }
        ],
        "line": 235
      },
      "15": {
        "loc": { "start": { "line": 243, "column": 19 }, "end": { "line": 243, "column": 34 } },
        "type": "binary-expr",
        "locations": [
          { "start": { "line": 243, "column": 19 }, "end": { "line": 243, "column": 26 } },
          { "start": { "line": 243, "column": 30 }, "end": { "line": 243, "column": 34 } }
        ],
        "line": 243
      }
    },
    "s": {
      "0": 2,
      "1": 12,
      "2": 1,
      "3": 1,
      "4": 1,
      "5": 1,
      "6": 1,
      "7": 1,
      "8": 1,
      "9": 0,
      "10": 0,
      "11": 1,
      "12": 1,
      "13": 1,
      "14": 1,
      "15": 1,
      "16": 1,
      "17": 1,
      "18": 1,
      "19": 1,
      "20": 1,
      "21": 1,
      "22": 1,
      "23": 1,
      "24": 1,
      "25": 1,
      "26": 1,
      "27": 1,
      "28": 2,
      "29": 2,
      "30": 1,
      "31": 1,
      "32": 1,
      "33": 1,
      "34": 1,
      "35": 1,
      "36": 1,
      "37": 1,
      "38": 1,
      "39": 1,
      "40": 1,
      "41": 1,
      "42": 1,
      "43": 1,
      "44": 1,
      "45": 1,
      "46": 1
    },
    "f": {
      "0": 12,
      "1": 1,
      "2": 1,
      "3": 1,
      "4": 1,
      "5": 0,
      "6": 1,
      "7": 1,
      "8": 1,
      "9": 1,
      "10": 1,
      "11": 1,
      "12": 1,
      "13": 1,
      "14": 1,
      "15": 1,
      "16": 2,
      "17": 1,
      "18": 1,
      "19": 1,
      "20": 1,
      "21": 1,
      "22": 1,
      "23": 1,
      "24": 1,
      "25": 1,
      "26": 1
    },
    "b": {
      "0": [1, 0],
      "1": [1, 1],
      "2": [1, 1],
      "3": [1, 0],
      "4": [1, 0],
      "5": [0, 0],
      "6": [1, 0],
      "7": [1, 0],
      "8": [2, 0],
      "9": [1, 0],
      "10": [1, 1],
      "11": [1, 1],
      "12": [1, 1],
      "13": [1, 1],
      "14": [1, 0],
      "15": [1, 0]
    },
    "_coverageSchema": "1a1c01bbd47fc00a2c39e90264f33305004495a9",
    "hash": "6032c84a879d6882bb367bb43c3df5a3b43620e3"
  },
  "C:\\Project\\WebProject\\xivplan\\backend\\business\\models\\feedbackRepository.js": {
    "path": "C:\\Project\\WebProject\\xivplan\\backend\\business\\models\\feedbackRepository.js",
    "statementMap": {
      "0": { "start": { "line": 1, "column": 0 }, "end": { "line": 56, "column": 2 } },
      "1": { "start": { "line": 2, "column": 4 }, "end": { "line": 55, "column": 6 } },
      "2": { "start": { "line": 4, "column": 29 }, "end": { "line": 8, "column": 13 } },
      "3": { "start": { "line": 9, "column": 12 }, "end": { "line": 9, "column": 43 } },
      "4": { "start": { "line": 13, "column": 27 }, "end": { "line": 13, "column": 45 } },
      "5": { "start": { "line": 15, "column": 24 }, "end": { "line": 15, "column": 48 } },
      "6": { "start": { "line": 16, "column": 29 }, "end": { "line": 16, "column": 69 } },
      "7": { "start": { "line": 17, "column": 27 }, "end": { "line": 17, "column": 29 } },
      "8": { "start": { "line": 19, "column": 12 }, "end": { "line": 23, "column": 13 } },
      "9": { "start": { "line": 20, "column": 16 }, "end": { "line": 20, "column": 45 } },
      "10": { "start": { "line": 21, "column": 16 }, "end": { "line": 21, "column": 50 } },
      "11": { "start": { "line": 22, "column": 16 }, "end": { "line": 22, "column": 36 } },
      "12": { "start": { "line": 25, "column": 12 }, "end": { "line": 25, "column": 66 } },
      "13": { "start": { "line": 26, "column": 31 }, "end": { "line": 26, "column": 57 } },
      "14": { "start": { "line": 28, "column": 27 }, "end": { "line": 28, "column": 64 } },
      "15": { "start": { "line": 29, "column": 34 }, "end": { "line": 29, "column": 72 } },
      "16": { "start": { "line": 30, "column": 26 }, "end": { "line": 30, "column": 52 } },
      "17": { "start": { "line": 32, "column": 12 }, "end": { "line": 32, "column": 35 } },
      "18": { "start": { "line": 36, "column": 24 }, "end": { "line": 36, "column": 64 } },
      "19": { "start": { "line": 37, "column": 27 }, "end": { "line": 37, "column": 29 } },
      "20": { "start": { "line": 39, "column": 12 }, "end": { "line": 42, "column": 13 } },
      "21": { "start": { "line": 40, "column": 16 }, "end": { "line": 40, "column": 40 } },
      "22": { "start": { "line": 41, "column": 16 }, "end": { "line": 41, "column": 36 } },
      "23": { "start": { "line": 44, "column": 12 }, "end": { "line": 47, "column": 13 } },
      "24": { "start": { "line": 45, "column": 16 }, "end": { "line": 45, "column": 45 } },
      "25": { "start": { "line": 46, "column": 16 }, "end": { "line": 46, "column": 40 } },
      "26": { "start": { "line": 49, "column": 12 }, "end": { "line": 49, "column": 37 } },
      "27": { "start": { "line": 50, "column": 12 }, "end": { "line": 50, "column": 28 } },
      "28": { "start": { "line": 52, "column": 29 }, "end": { "line": 52, "column": 62 } },
      "29": { "start": { "line": 53, "column": 12 }, "end": { "line": 53, "column": 57 } }
    },
    "fnMap": {
      "0": {
        "name": "createFeedbackRepository",
        "decl": { "start": { "line": 1, "column": 26 }, "end": { "line": 1, "column": 50 } },
        "loc": { "start": { "line": 1, "column": 57 }, "end": { "line": 56, "column": 1 } },
        "line": 1
      },
      "1": {
        "name": "(anonymous_1)",
        "decl": { "start": { "line": 3, "column": 8 }, "end": { "line": 3, "column": 9 } },
        "loc": { "start": { "line": 3, "column": 71 }, "end": { "line": 10, "column": 9 } },
        "line": 3
      },
      "2": {
        "name": "(anonymous_2)",
        "decl": { "start": { "line": 12, "column": 8 }, "end": { "line": 12, "column": 9 } },
        "loc": { "start": { "line": 12, "column": 44 }, "end": { "line": 33, "column": 9 } },
        "line": 12
      },
      "3": {
        "name": "(anonymous_3)",
        "decl": { "start": { "line": 35, "column": 8 }, "end": { "line": 35, "column": 9 } },
        "loc": { "start": { "line": 35, "column": 53 }, "end": { "line": 54, "column": 9 } },
        "line": 35
      }
    },
    "branchMap": {
      "0": {
        "loc": { "start": { "line": 7, "column": 44 }, "end": { "line": 7, "column": 63 } },
        "type": "binary-expr",
        "locations": [
          { "start": { "line": 7, "column": 44 }, "end": { "line": 7, "column": 55 } },
          { "start": { "line": 7, "column": 59 }, "end": { "line": 7, "column": 63 } }
        ],
        "line": 7
      },
      "1": {
        "loc": { "start": { "line": 19, "column": 12 }, "end": { "line": 23, "column": 13 } },
        "type": "if",
        "locations": [
          { "start": { "line": 19, "column": 12 }, "end": { "line": 23, "column": 13 } },
          { "start": {}, "end": {} }
        ],
        "line": 19
      },
      "2": {
        "loc": { "start": { "line": 30, "column": 26 }, "end": { "line": 30, "column": 52 } },
        "type": "binary-expr",
        "locations": [
          { "start": { "line": 30, "column": 26 }, "end": { "line": 30, "column": 47 } },
          { "start": { "line": 30, "column": 51 }, "end": { "line": 30, "column": 52 } }
        ],
        "line": 30
      },
      "3": {
        "loc": { "start": { "line": 39, "column": 12 }, "end": { "line": 42, "column": 13 } },
        "type": "if",
        "locations": [
          { "start": { "line": 39, "column": 12 }, "end": { "line": 42, "column": 13 } },
          { "start": {}, "end": {} }
        ],
        "line": 39
      },
      "4": {
        "loc": { "start": { "line": 44, "column": 12 }, "end": { "line": 47, "column": 13 } },
        "type": "if",
        "locations": [
          { "start": { "line": 44, "column": 12 }, "end": { "line": 47, "column": 13 } },
          { "start": {}, "end": {} }
        ],
        "line": 44
      }
    },
    "s": {
      "0": 2,
      "1": 10,
      "2": 2,
      "3": 2,
      "4": 2,
      "5": 2,
      "6": 2,
      "7": 2,
      "8": 2,
      "9": 1,
      "10": 1,
      "11": 1,
      "12": 2,
      "13": 2,
      "14": 2,
      "15": 2,
      "16": 2,
      "17": 2,
      "18": 3,
      "19": 3,
      "20": 3,
      "21": 2,
      "22": 2,
      "23": 3,
      "24": 2,
      "25": 2,
      "26": 3,
      "27": 3,
      "28": 3,
      "29": 3
    },
    "f": { "0": 10, "1": 2, "2": 2, "3": 3 },
    "b": { "0": [2, 1], "1": [1, 1], "2": [2, 0], "3": [2, 1], "4": [2, 1] },
    "_coverageSchema": "1a1c01bbd47fc00a2c39e90264f33305004495a9",
    "hash": "38ffd66d4453bac40192c1e94911a2db9c95a613"
  },
  "C:\\Project\\WebProject\\xivplan\\backend\\business\\models\\tokenBlacklistRepository.js": {
    "path": "C:\\Project\\WebProject\\xivplan\\backend\\business\\models\\tokenBlacklistRepository.js",
    "statementMap": {
      "0": { "start": { "line": 1, "column": 0 }, "end": { "line": 16, "column": 2 } },
      "1": { "start": { "line": 2, "column": 4 }, "end": { "line": 15, "column": 6 } },
      "2": { "start": { "line": 4, "column": 27 }, "end": { "line": 4, "column": 110 } },
      "3": { "start": { "line": 5, "column": 12 }, "end": { "line": 5, "column": 35 } },
      "4": { "start": { "line": 9, "column": 12 }, "end": { "line": 13, "column": 14 } }
    },
    "fnMap": {
      "0": {
        "name": "createTokenBlacklistRepository",
        "decl": { "start": { "line": 1, "column": 26 }, "end": { "line": 1, "column": 56 } },
        "loc": { "start": { "line": 1, "column": 63 }, "end": { "line": 16, "column": 1 } },
        "line": 1
      },
      "1": {
        "name": "(anonymous_1)",
        "decl": { "start": { "line": 3, "column": 8 }, "end": { "line": 3, "column": 9 } },
        "loc": { "start": { "line": 3, "column": 35 }, "end": { "line": 6, "column": 9 } },
        "line": 3
      },
      "2": {
        "name": "(anonymous_2)",
        "decl": { "start": { "line": 8, "column": 8 }, "end": { "line": 8, "column": 9 } },
        "loc": { "start": { "line": 8, "column": 47 }, "end": { "line": 14, "column": 9 } },
        "line": 8
      }
    },
    "branchMap": {},
    "s": { "0": 2, "1": 8, "2": 3, "3": 3, "4": 1 },
    "f": { "0": 8, "1": 3, "2": 1 },
    "b": {},
    "_coverageSchema": "1a1c01bbd47fc00a2c39e90264f33305004495a9",
    "hash": "3f2cb4d7e9ef3cc8c5ab599236f37fe2be705d2e"
  },
  "C:\\Project\\WebProject\\xivplan\\backend\\business\\models\\userRepository.js": {
    "path": "C:\\Project\\WebProject\\xivplan\\backend\\business\\models\\userRepository.js",
    "statementMap": {
      "0": { "start": { "line": 1, "column": 0 }, "end": { "line": 87, "column": 2 } },
      "1": { "start": { "line": 2, "column": 4 }, "end": { "line": 86, "column": 6 } },
      "2": { "start": { "line": 4, "column": 27 }, "end": { "line": 4, "column": 93 } },
      "3": { "start": { "line": 5, "column": 12 }, "end": { "line": 5, "column": 35 } },
      "4": { "start": { "line": 9, "column": 27 }, "end": { "line": 9, "column": 99 } },
      "5": { "start": { "line": 10, "column": 12 }, "end": { "line": 10, "column": 35 } },
      "6": { "start": { "line": 14, "column": 27 }, "end": { "line": 17, "column": 13 } },
      "7": { "start": { "line": 18, "column": 12 }, "end": { "line": 18, "column": 35 } },
      "8": { "start": { "line": 22, "column": 27 }, "end": { "line": 25, "column": 13 } },
      "9": { "start": { "line": 26, "column": 12 }, "end": { "line": 26, "column": 35 } },
      "10": { "start": { "line": 30, "column": 27 }, "end": { "line": 33, "column": 14 } },
      "11": { "start": { "line": 34, "column": 12 }, "end": { "line": 34, "column": 35 } },
      "12": { "start": { "line": 38, "column": 12 }, "end": { "line": 42, "column": 14 } },
      "13": { "start": { "line": 46, "column": 12 }, "end": { "line": 46, "column": 101 } },
      "14": { "start": { "line": 50, "column": 30 }, "end": { "line": 50, "column": 67 } },
      "15": { "start": { "line": 51, "column": 27 }, "end": { "line": 51, "column": 29 } },
      "16": { "start": { "line": 53, "column": 12 }, "end": { "line": 56, "column": 13 } },
      "17": { "start": { "line": 54, "column": 16 }, "end": { "line": 54, "column": 48 } },
      "18": { "start": { "line": 55, "column": 16 }, "end": { "line": 55, "column": 38 } },
      "19": { "start": { "line": 57, "column": 12 }, "end": { "line": 60, "column": 13 } },
      "20": { "start": { "line": 58, "column": 16 }, "end": { "line": 58, "column": 46 } },
      "21": { "start": { "line": 59, "column": 16 }, "end": { "line": 59, "column": 36 } },
      "22": { "start": { "line": 61, "column": 12 }, "end": { "line": 64, "column": 13 } },
      "23": { "start": { "line": 62, "column": 16 }, "end": { "line": 62, "column": 43 } },
      "24": { "start": { "line": 63, "column": 16 }, "end": { "line": 63, "column": 33 } },
      "25": { "start": { "line": 66, "column": 12 }, "end": { "line": 66, "column": 48 } },
      "26": { "start": { "line": 67, "column": 12 }, "end": { "line": 67, "column": 32 } },
      "27": { "start": { "line": 69, "column": 29 }, "end": { "line": 69, "column": 68 } },
      "28": { "start": { "line": 70, "column": 12 }, "end": { "line": 70, "column": 57 } },
      "29": { "start": { "line": 74, "column": 12 }, "end": { "line": 77, "column": 15 } },
      "30": { "start": { "line": 81, "column": 12 }, "end": { "line": 84, "column": 15 } }
    },
    "fnMap": {
      "0": {
        "name": "createUserRepository",
        "decl": { "start": { "line": 1, "column": 26 }, "end": { "line": 1, "column": 46 } },
        "loc": { "start": { "line": 1, "column": 53 }, "end": { "line": 87, "column": 1 } },
        "line": 1
      },
      "1": {
        "name": "(anonymous_1)",
        "decl": { "start": { "line": 3, "column": 8 }, "end": { "line": 3, "column": 9 } },
        "loc": { "start": { "line": 3, "column": 33 }, "end": { "line": 6, "column": 9 } },
        "line": 3
      },
      "2": {
        "name": "(anonymous_2)",
        "decl": { "start": { "line": 8, "column": 8 }, "end": { "line": 8, "column": 9 } },
        "loc": { "start": { "line": 8, "column": 39 }, "end": { "line": 11, "column": 9 } },
        "line": 8
      },
      "3": {
        "name": "(anonymous_3)",
        "decl": { "start": { "line": 13, "column": 8 }, "end": { "line": 13, "column": 9 } },
        "loc": { "start": { "line": 13, "column": 31 }, "end": { "line": 19, "column": 9 } },
        "line": 13
      },
      "4": {
        "name": "(anonymous_4)",
        "decl": { "start": { "line": 21, "column": 8 }, "end": { "line": 21, "column": 9 } },
        "loc": { "start": { "line": 21, "column": 37 }, "end": { "line": 27, "column": 9 } },
        "line": 21
      },
      "5": {
        "name": "(anonymous_5)",
        "decl": { "start": { "line": 29, "column": 8 }, "end": { "line": 29, "column": 9 } },
        "loc": { "start": { "line": 29, "column": 55 }, "end": { "line": 35, "column": 9 } },
        "line": 29
      },
      "6": {
        "name": "(anonymous_6)",
        "decl": { "start": { "line": 37, "column": 8 }, "end": { "line": 37, "column": 9 } },
        "loc": { "start": { "line": 37, "column": 64 }, "end": { "line": 43, "column": 9 } },
        "line": 37
      },
      "7": {
        "name": "(anonymous_7)",
        "decl": { "start": { "line": 45, "column": 8 }, "end": { "line": 45, "column": 9 } },
        "loc": { "start": { "line": 45, "column": 38 }, "end": { "line": 47, "column": 9 } },
        "line": 45
      },
      "8": {
        "name": "(anonymous_8)",
        "decl": { "start": { "line": 49, "column": 8 }, "end": { "line": 49, "column": 9 } },
        "loc": { "start": { "line": 49, "column": 63 }, "end": { "line": 71, "column": 9 } },
        "line": 49
      },
      "9": {
        "name": "(anonymous_9)",
        "decl": { "start": { "line": 73, "column": 8 }, "end": { "line": 73, "column": 9 } },
        "loc": { "start": { "line": 73, "column": 59 }, "end": { "line": 78, "column": 9 } },
        "line": 73
      },
      "10": {
        "name": "(anonymous_10)",
        "decl": { "start": { "line": 80, "column": 8 }, "end": { "line": 80, "column": 9 } },
        "loc": { "start": { "line": 80, "column": 57 }, "end": { "line": 85, "column": 9 } },
        "line": 80
      }
    },
    "branchMap": {
      "0": {
        "loc": { "start": { "line": 5, "column": 19 }, "end": { "line": 5, "column": 34 } },
        "type": "binary-expr",
        "locations": [
          { "start": { "line": 5, "column": 19 }, "end": { "line": 5, "column": 26 } },
          { "start": { "line": 5, "column": 30 }, "end": { "line": 5, "column": 34 } }
        ],
        "line": 5
      },
      "1": {
        "loc": { "start": { "line": 10, "column": 19 }, "end": { "line": 10, "column": 34 } },
        "type": "binary-expr",
        "locations": [
          { "start": { "line": 10, "column": 19 }, "end": { "line": 10, "column": 26 } },
          { "start": { "line": 10, "column": 30 }, "end": { "line": 10, "column": 34 } }
        ],
        "line": 10
      },
      "2": {
        "loc": { "start": { "line": 18, "column": 19 }, "end": { "line": 18, "column": 34 } },
        "type": "binary-expr",
        "locations": [
          { "start": { "line": 18, "column": 19 }, "end": { "line": 18, "column": 26 } },
          { "start": { "line": 18, "column": 30 }, "end": { "line": 18, "column": 34 } }
        ],
        "line": 18
      },
      "3": {
        "loc": { "start": { "line": 26, "column": 19 }, "end": { "line": 26, "column": 34 } },
        "type": "binary-expr",
        "locations": [
          { "start": { "line": 26, "column": 19 }, "end": { "line": 26, "column": 26 } },
          { "start": { "line": 26, "column": 30 }, "end": { "line": 26, "column": 34 } }
        ],
        "line": 26
      },
      "4": {
        "loc": { "start": { "line": 53, "column": 12 }, "end": { "line": 56, "column": 13 } },
        "type": "if",
        "locations": [
          { "start": { "line": 53, "column": 12 }, "end": { "line": 56, "column": 13 } },
          { "start": {}, "end": {} }
        ],
        "line": 53
      },
      "5": {
        "loc": { "start": { "line": 57, "column": 12 }, "end": { "line": 60, "column": 13 } },
        "type": "if",
        "locations": [
          { "start": { "line": 57, "column": 12 }, "end": { "line": 60, "column": 13 } },
          { "start": {}, "end": {} }
        ],
        "line": 57
      },
      "6": {
        "loc": { "start": { "line": 61, "column": 12 }, "end": { "line": 64, "column": 13 } },
        "type": "if",
        "locations": [
          { "start": { "line": 61, "column": 12 }, "end": { "line": 64, "column": 13 } },
          { "start": {}, "end": {} }
        ],
        "line": 61
      }
    },
    "s": {
      "0": 2,
      "1": 13,
      "2": 2,
      "3": 2,
      "4": 2,
      "5": 2,
      "6": 1,
      "7": 1,
      "8": 1,
      "9": 1,
      "10": 1,
      "11": 1,
      "12": 1,
      "13": 0,
      "14": 2,
      "15": 2,
      "16": 2,
      "17": 2,
      "18": 2,
      "19": 2,
      "20": 1,
      "21": 1,
      "22": 2,
      "23": 1,
      "24": 1,
      "25": 2,
      "26": 2,
      "27": 2,
      "28": 2,
      "29": 1,
      "30": 1
    },
    "f": { "0": 13, "1": 2, "2": 2, "3": 1, "4": 1, "5": 1, "6": 1, "7": 0, "8": 2, "9": 1, "10": 1 },
    "b": { "0": [2, 1], "1": [2, 2], "2": [1, 1], "3": [1, 0], "4": [2, 0], "5": [1, 1], "6": [1, 1] },
    "_coverageSchema": "1a1c01bbd47fc00a2c39e90264f33305004495a9",
    "hash": "f5c8ec1f62750ad4d3a3c8d57a9ed685a95b9783"
  },
  "C:\\Project\\WebProject\\xivplan\\backend\\business\\models\\verificationCodeRepository.js": {
    "path": "C:\\Project\\WebProject\\xivplan\\backend\\business\\models\\verificationCodeRepository.js",
    "statementMap": {
      "0": { "start": { "line": 1, "column": 0 }, "end": { "line": 29, "column": 2 } },
      "1": { "start": { "line": 2, "column": 4 }, "end": { "line": 28, "column": 6 } },
      "2": { "start": { "line": 4, "column": 12 }, "end": { "line": 12, "column": 14 } },
      "3": { "start": { "line": 16, "column": 27 }, "end": { "line": 21, "column": 13 } },
      "4": { "start": { "line": 22, "column": 12 }, "end": { "line": 22, "column": 35 } },
      "5": { "start": { "line": 26, "column": 12 }, "end": { "line": 26, "column": 92 } }
    },
    "fnMap": {
      "0": {
        "name": "createVerificationCodeRepository",
        "decl": { "start": { "line": 1, "column": 26 }, "end": { "line": 1, "column": 58 } },
        "loc": { "start": { "line": 1, "column": 65 }, "end": { "line": 29, "column": 1 } },
        "line": 1
      },
      "1": {
        "name": "(anonymous_1)",
        "decl": { "start": { "line": 3, "column": 8 }, "end": { "line": 3, "column": 9 } },
        "loc": { "start": { "line": 3, "column": 55 }, "end": { "line": 13, "column": 9 } },
        "line": 3
      },
      "2": {
        "name": "(anonymous_2)",
        "decl": { "start": { "line": 15, "column": 8 }, "end": { "line": 15, "column": 9 } },
        "loc": { "start": { "line": 15, "column": 47 }, "end": { "line": 23, "column": 9 } },
        "line": 15
      },
      "3": {
        "name": "(anonymous_3)",
        "decl": { "start": { "line": 25, "column": 8 }, "end": { "line": 25, "column": 9 } },
        "loc": { "start": { "line": 25, "column": 27 }, "end": { "line": 27, "column": 9 } },
        "line": 25
      }
    },
    "branchMap": {
      "0": {
        "loc": { "start": { "line": 22, "column": 19 }, "end": { "line": 22, "column": 34 } },
        "type": "binary-expr",
        "locations": [
          { "start": { "line": 22, "column": 19 }, "end": { "line": 22, "column": 26 } },
          { "start": { "line": 22, "column": 30 }, "end": { "line": 22, "column": 34 } }
        ],
        "line": 22
      }
    },
    "s": { "0": 2, "1": 8, "2": 1, "3": 1, "4": 1, "5": 1 },
    "f": { "0": 8, "1": 1, "2": 1, "3": 1 },
    "b": { "0": [1, 0] },
    "_coverageSchema": "1a1c01bbd47fc00a2c39e90264f33305004495a9",
    "hash": "59342fc0ea0cc6ff0479262dfc720f5240a5b268"
  }
}
