TN:
SF:business\models\communityRepository.js
FN:1,createCommunityRepository
FN:3,(anonymous_1)
FN:36,(anonymous_2)
FN:41,(anonymous_3)
FN:57,(anonymous_4)
FN:71,(anonymous_5)
FN:78,(anonymous_6)
FN:82,(anonymous_7)
FN:86,(anonymous_8)
FN:94,(anonymous_9)
FN:99,(anonymous_10)
FN:104,(anonymous_11)
FN:109,(anonymous_12)
FN:117,(anonymous_13)
FN:125,(anonymous_14)
FN:139,(anonymous_15)
FN:154,(anonymous_16)
FN:161,(anonymous_17)
FN:176,(anonymous_18)
FN:181,(anonymous_19)
FN:186,(anonymous_20)
FN:194,(anonymous_21)
FN:222,(anonymous_22)
FN:226,(anonymous_23)
FN:238,(anonymous_24)
FN:246,(anonymous_25)
FN:250,(anonymous_26)
FNF:27
FNH:26
FNDA:12,createCommunityRepository
FNDA:1,(anonymous_1)
FNDA:1,(anonymous_2)
FNDA:1,(anonymous_3)
FNDA:1,(anonymous_4)
FNDA:0,(anonymous_5)
FNDA:1,(anonymous_6)
FNDA:1,(anonymous_7)
FNDA:1,(anonymous_8)
FNDA:1,(anonymous_9)
FNDA:1,(anonymous_10)
FNDA:1,(anonymous_11)
FNDA:1,(anonymous_12)
FNDA:1,(anonymous_13)
FNDA:1,(anonymous_14)
FNDA:1,(anonymous_15)
FNDA:2,(anonymous_16)
FNDA:1,(anonymous_17)
FNDA:1,(anonymous_18)
FNDA:1,(anonymous_19)
FNDA:1,(anonymous_20)
FNDA:1,(anonymous_21)
FNDA:1,(anonymous_22)
FNDA:1,(anonymous_23)
FNDA:1,(anonymous_24)
FNDA:1,(anonymous_25)
FNDA:1,(anonymous_26)
DA:1,2
DA:2,12
DA:16,1
DA:37,1
DA:38,1
DA:42,1
DA:54,1
DA:58,1
DA:68,1
DA:72,0
DA:75,0
DA:79,1
DA:83,1
DA:87,1
DA:91,1
DA:95,1
DA:96,1
DA:100,1
DA:101,1
DA:105,1
DA:106,1
DA:110,1
DA:118,1
DA:122,1
DA:126,1
DA:136,1
DA:140,1
DA:151,1
DA:155,2
DA:158,2
DA:162,1
DA:173,1
DA:177,1
DA:178,1
DA:182,1
DA:183,1
DA:187,1
DA:191,1
DA:204,1
DA:219,1
DA:223,1
DA:227,1
DA:235,1
DA:239,1
DA:243,1
DA:247,1
DA:251,1
LF:47
LH:45
BRDA:23,0,0,1
BRDA:23,0,1,0
BRDA:27,1,0,1
BRDA:27,1,1,1
BRDA:30,2,0,1
BRDA:30,2,1,1
BRDA:38,3,0,1
BRDA:38,3,1,0
BRDA:68,4,0,1
BRDA:68,4,1,0
BRDA:75,5,0,0
BRDA:75,5,1,0
BRDA:91,6,0,1
BRDA:91,6,1,0
BRDA:122,7,0,1
BRDA:122,7,1,0
BRDA:158,8,0,2
BRDA:158,8,1,0
BRDA:178,9,0,1
BRDA:178,9,1,0
BRDA:212,10,0,1
BRDA:212,10,1,1
BRDA:214,11,0,1
BRDA:214,11,1,1
BRDA:215,12,0,1
BRDA:215,12,1,1
BRDA:216,13,0,1
BRDA:216,13,1,1
BRDA:235,14,0,1
BRDA:235,14,1,0
BRDA:243,15,0,1
BRDA:243,15,1,0
BRF:32
BRH:21
end_of_record
TN:
SF:business\models\feedbackRepository.js
FN:1,createFeedbackRepository
FN:3,(anonymous_1)
FN:12,(anonymous_2)
FN:35,(anonymous_3)
FNF:4
FNH:4
FNDA:10,createFeedbackRepository
FNDA:2,(anonymous_1)
FNDA:2,(anonymous_2)
FNDA:3,(anonymous_3)
DA:1,2
DA:2,10
DA:4,2
DA:9,2
DA:13,2
DA:15,2
DA:16,2
DA:17,2
DA:19,2
DA:20,1
DA:21,1
DA:22,1
DA:25,2
DA:26,2
DA:28,2
DA:29,2
DA:30,2
DA:32,2
DA:36,3
DA:37,3
DA:39,3
DA:40,2
DA:41,2
DA:44,3
DA:45,2
DA:46,2
DA:49,3
DA:50,3
DA:52,3
DA:53,3
LF:30
LH:30
BRDA:7,0,0,2
BRDA:7,0,1,1
BRDA:19,1,0,1
BRDA:19,1,1,1
BRDA:30,2,0,2
BRDA:30,2,1,0
BRDA:39,3,0,2
BRDA:39,3,1,1
BRDA:44,4,0,2
BRDA:44,4,1,1
BRF:10
BRH:9
end_of_record
TN:
SF:business\models\tokenBlacklistRepository.js
FN:1,createTokenBlacklistRepository
FN:3,(anonymous_1)
FN:8,(anonymous_2)
FNF:3
FNH:3
FNDA:8,createTokenBlacklistRepository
FNDA:3,(anonymous_1)
FNDA:1,(anonymous_2)
DA:1,2
DA:2,8
DA:4,3
DA:5,3
DA:9,1
LF:5
LH:5
BRF:0
BRH:0
end_of_record
TN:
SF:business\models\userRepository.js
FN:1,createUserRepository
FN:3,(anonymous_1)
FN:8,(anonymous_2)
FN:13,(anonymous_3)
FN:21,(anonymous_4)
FN:29,(anonymous_5)
FN:37,(anonymous_6)
FN:45,(anonymous_7)
FN:49,(anonymous_8)
FN:73,(anonymous_9)
FN:80,(anonymous_10)
FNF:11
FNH:10
FNDA:13,createUserRepository
FNDA:2,(anonymous_1)
FNDA:2,(anonymous_2)
FNDA:1,(anonymous_3)
FNDA:1,(anonymous_4)
FNDA:1,(anonymous_5)
FNDA:1,(anonymous_6)
FNDA:0,(anonymous_7)
FNDA:2,(anonymous_8)
FNDA:1,(anonymous_9)
FNDA:1,(anonymous_10)
DA:1,2
DA:2,13
DA:4,2
DA:5,2
DA:9,2
DA:10,2
DA:14,1
DA:18,1
DA:22,1
DA:26,1
DA:30,1
DA:34,1
DA:38,1
DA:46,0
DA:50,2
DA:51,2
DA:53,2
DA:54,2
DA:55,2
DA:57,2
DA:58,1
DA:59,1
DA:61,2
DA:62,1
DA:63,1
DA:66,2
DA:67,2
DA:69,2
DA:70,2
DA:74,1
DA:81,1
LF:31
LH:30
BRDA:5,0,0,2
BRDA:5,0,1,1
BRDA:10,1,0,2
BRDA:10,1,1,2
BRDA:18,2,0,1
BRDA:18,2,1,1
BRDA:26,3,0,1
BRDA:26,3,1,0
BRDA:53,4,0,2
BRDA:53,4,1,0
BRDA:57,5,0,1
BRDA:57,5,1,1
BRDA:61,6,0,1
BRDA:61,6,1,1
BRF:14
BRH:12
end_of_record
TN:
SF:business\models\verificationCodeRepository.js
FN:1,createVerificationCodeRepository
FN:3,(anonymous_1)
FN:15,(anonymous_2)
FN:25,(anonymous_3)
FNF:4
FNH:4
FNDA:8,createVerificationCodeRepository
FNDA:1,(anonymous_1)
FNDA:1,(anonymous_2)
FNDA:1,(anonymous_3)
DA:1,2
DA:2,8
DA:4,1
DA:16,1
DA:22,1
DA:26,1
LF:6
LH:6
BRDA:22,0,0,1
BRDA:22,0,1,0
BRF:2
BRH:1
end_of_record
